[17:26:56] [DEBUG] Running client sanity checks...
[17:26:58] [DEBUG] No setup function found in play
[17:26:58] [DEBUG] Found extension class Music in play: Attempting to load
[17:26:58] [DEBUG] Added callback: Music._menu
[17:26:58] [DEBUG] Added callback: Music._pause
[17:26:58] [DEBUG] Added callback: Music._resume
[17:26:58] [DEBUG] Added callback: Music._skip
[17:26:58] [DEBUG] Added callback: Music._stop
[17:26:58] [DEBUG] Added callback: Music.play
[17:26:58] [DEBUG] Loaded Extension: play
[17:26:59] [DEBUG] No setup function found in askgpt
[17:26:59] [DEBUG] Found extension class Gpt in askgpt: Attempting to load
[17:26:59] [DEBUG] Added callback: Gpt._askgpt
[17:26:59] [DEBUG] Added callback: Gpt._img
[17:26:59] [DEBUG] Loaded Extension: askgpt
[17:26:59] [DEBUG] No setup function found in askbard
[17:26:59] [DEBUG] Found extension class Bard in askbard: Attempting to load
[17:26:59] [DEBUG] Added callback: Bard._askbard
[17:26:59] [DEBUG] Added callback: Bard._endbard
[17:26:59] [DEBUG] Loaded Extension: askbard
[17:26:59] [DEBUG] No setup function found in noi_chu
[17:26:59] [DEBUG] Found extension class NoiChu in noi_chu: Attempting to load
[17:26:59] [DEBUG] Added callback: NoiChu._reset
[17:26:59] [DEBUG] Added callback: NoiChu._world_setup
[17:26:59] [DEBUG] Loaded Extension: noi_chu
[17:26:59] [DEBUG] No setup function found in db_refesh
[17:26:59] [DEBUG] Found extension class Database in db_refesh: Attempting to load
[17:26:59] [DEBUG] Added callback: Database.dbv1_command
[17:26:59] [DEBUG] Added callback: Database.dbv2_command
[17:26:59] [DEBUG] Loaded Extension: db_refesh
[17:27:00] [DEBUG] Added callback: __join
[17:27:00] [DEBUG] Added callback: __leave
[17:27:00] [DEBUG] Added callback: _about
[17:27:00] [DEBUG] Added callback: _help
[17:27:00] [DEBUG] Added callback: _refresh
[17:27:00] [DEBUG] Added callback: _setup
[17:27:00] [DEBUG] Added callback: _starup
[17:27:00] [DEBUG] 7 callbacks have been loaded from __main__.
[17:27:00] [DEBUG] Added callback: _disconnect
[17:27:00] [DEBUG] Added callback: _on_websocket_ready
[17:27:00] [DEBUG] Added callback: on_autocomplete_completion
[17:27:00] [DEBUG] Added callback: on_autocomplete_error
[17:27:00] [DEBUG] Added callback: on_command_completion
[17:27:00] [DEBUG] Added callback: on_command_error
[17:27:00] [DEBUG] Added callback: on_component_completion
[17:27:00] [DEBUG] Added callback: on_component_error
[17:27:00] [DEBUG] Added callback: on_error
[17:27:00] [DEBUG] Added callback: on_modal_completion
[17:27:00] [DEBUG] Added callback: on_modal_error
[17:27:00] [DEBUG] Added callback: on_resume
[17:27:00] [DEBUG] 12 callbacks have been loaded from Client.
[17:27:00] [DEBUG] Attempting to login
[17:27:00] [DEBUG] Caching ingested rate limit data for: f7ead6a7674e5a323d93786263b66cb1
[17:27:00] [DEBUG] GET /users/@me Received 200 :: [49/50 calls remaining]
[17:27:00] [DEBUG] Caching ingested rate limit data for: f7ead6a7674e5a323d93786263b66cb1
[17:27:00] [DEBUG] GET /oauth2/applications/@me Received 200 :: [49/50 calls remaining]
[17:27:00] [DEBUG] Caching ingested rate limit data for: f7ead6a7674e5a323d93786263b66cb1
[17:27:00] [DEBUG] GET /gateway Received 200 :: [49/50 calls remaining]
[17:27:00] [INFO] Shard ID 0 | Starting Shard
[17:27:00] [INFO] Shard ID 0 | Shard is attempting to connect to gateway...
[17:27:01] [DEBUG] Shard ID 0 | Identification payload sent to gateway, requesting intents: 3407613
[17:27:01] [INFO] Shard ID 0 | Gateway connection established
[17:27:01] [DEBUG] Shard ID 0 | Session ID: 667bb0986e926fca980bb992b2d14251 Trace: ['["gateway-prd-us-east1-c-2wgk",{"micros":100376,"calls":["id_created",{"micros":584,"calls":[]},"session_lookup_time",{"micros":371,"calls":[]},"session_lookup_finished",{"micros":18,"calls":[]},"discord-sessions-prd-2-296",{"micros":97985,"calls":["start_session",{"micros":46806,"calls":["discord-api-866cdcc96c-776pf",{"micros":42576,"calls":["get_user",{"micros":5899},"get_guilds",{"micros":4175},"send_scheduled_deletion_message",{"micros":13},"guild_join_requests",{"micros":2},"authorized_ip_coro",{"micros":8}]}]},"starting_guild_connect",{"micros":57,"calls":[]},"presence_started",{"micros":321,"calls":[]},"guilds_started",{"micros":199,"calls":[]},"guilds_connect",{"micros":2,"calls":[]},"presence_connect",{"micros":50568,"calls":[]},"connect_finished",{"micros":50575,"calls":[]},"build_ready",{"micros":24,"calls":[]},"clean_ready",{"micros":0,"calls":[]},"optimize_ready",{"micros":1,"calls":[]},"split_ready",{"micros":0,"calls":[]}]}]}]']
[17:27:01] [DEBUG] Dispatching Event: websocket_ready
[17:27:01] [DEBUG] Caching ingested rate limit data for: f7ead6a7674e5a323d93786263b66cb1
[17:27:01] [DEBUG] GET /applications/{application_id}/commands Received 200 :: [49/50 calls remaining]
[17:27:02] [DEBUG] Caching ingested rate limit data for: f7ead6a7674e5a323d93786263b66cb1
[17:27:02] [DEBUG] GET /applications/{application_id}/commands Received 200 :: [49/50 calls remaining]
[17:27:02] [DEBUG] 0 is already up-to-date with 18 commands.
[17:27:02] [DEBUG] Sync of 1 scopes took 0.6080212000015308 seconds
[17:27:02] [DEBUG] Dispatching Event: startup
[17:27:02] [DEBUG] Sending data to websocket: {"op": 3, "d": {"since": 1700562422226, "activities": [{"name": "l\u1ec7nh /help \u0111\u1ec3 gi\u00fap \u0111\u1ee1", "type": 0}], "status": "idle", "afk": false}}
[17:27:05] [DEBUG] Sending heartbeat every 41.25 seconds
[17:27:05] [DEBUG] Sending data to websocket: {"op": 1, "d": 6}
[17:27:05] [DEBUG] Shard ID 0 | ❤ Gateway is sending a Heartbeat
[17:27:06] [DEBUG] Shard ID 0 | ❤ Received heartbeat acknowledgement from gateway
[17:27:10] [DEBUG] 1174695146214928500::play should be called
[17:27:10] [DEBUG] Dispatching Event: message_create
[17:27:10] [DEBUG] Caching ingested rate limit data for: 432f6223265d156004ac81366c5a948f
[17:27:10] [DEBUG] POST /interactions/{interaction_id}/aW50ZXJhY3Rpb246MTE3NjQ2ODg0NDk0MDg5ODQyNjpiaW9LbWhMdFJDWUtIaVhrQUpOWUlQZlptSnlDYlBzZXR6RWVreW1DUjFNcWtBRlEwVnBrdDN3aWszYzdpSVVwc015S2xhYjhybW16b2xVOFN0SkFNaW0yTU9wdDE3a044MDVVeXhmMVNVVXJYdEFvMGZwZkY4MUZITkE0bkVoSA/callback Received 204 :: [4/5 calls remaining]
[17:27:10] [DEBUG] Sending data to websocket: {"op": 4, "d": {"guild_id": 1067024293709496340, "channel_id": 1176466591056142377, "self_mute": false, "self_deaf": false}}
[17:27:10] [DEBUG] Waiting for voice connection data...
[17:27:11] [DEBUG] Dispatching Event: voice_user_join
[17:27:11] [DEBUG] Attempting to initialise voice gateway...
[17:27:11] [DEBUG] Voice Connection has identified itself to Voice Gateway
[17:27:11] [DEBUG] Discord send VC Ready! Establishing a socket connection...
[17:27:11] [DEBUG] IP Discovery in progress...
[17:27:11] [DEBUG] Voice Initial Response Received: b'\x00\x02\x00F\x00\x01\xb6@116.100.185.240\x00\x00\x00\x00\x00\x00\x00\x00\x00\x00\x00\x00\x00\x00\x00\x00\x00\x00\x00\x00\x00\x00\x00\x00\x00\x00\x00\x00\x00\x00\x00\x00\x00\x00\x00\x00\x00\x00\x00\x00\x00\x00\x00\x00\x00\x00\x00\x00\x00\xf7\x0e'
[17:27:11] [DEBUG] IP Discovered: 116.100.185.240 #63246
[17:27:11] [DEBUG] Sending data to websocket: {"op": 1, "d": {"protocol": "udp", "data": {"address": "116.100.185.240", "port": 63246, "mode": "xsalsa20_poly1305_lite"}}}
[17:27:11] [DEBUG] Starting UDP Keep Alive
[17:27:11] [DEBUG] Unhandled OPCODE: 18 = data = {'user_id': '610841389164396565', 'flags': 2}
[17:27:11] [DEBUG] Unhandled OPCODE: 20 = data = {'user_id': '610841389164396565', 'platform': 0}
[17:27:11] [INFO] Voice connection established; using xsalsa20_poly1305_lite
[17:27:13] [DEBUG] Sending heartbeat every 13.75 seconds
[17:27:13] [DEBUG] Sending data to websocket: {"op": 3, "d": 0.013808872337352285}
[17:27:13] [DEBUG] ❤ Voice Connection is sending Heartbeat
[17:27:13] [DEBUG] ❤ Heartbeat acknowledged after 0.08222 seconds
[17:27:20] [DEBUG] Caching ingested rate limit data for: 3d2712a9e4fe17cc9d3fed4a8e672e5f
[17:27:20] [DEBUG] PATCH /webhooks/{application_id}/aW50ZXJhY3Rpb246MTE3NjQ2ODg0NDk0MDg5ODQyNjpiaW9LbWhMdFJDWUtIaVhrQUpOWUlQZlptSnlDYlBzZXR6RWVreW1DUjFNcWtBRlEwVnBrdDN3aWszYzdpSVVwc015S2xhYjhybW16b2xVOFN0SkFNaW0yTU9wdDE3a044MDVVeXhmMVNVVXJYdEFvMGZwZkY4MUZITkE0bkVoSA/messages/{message_id} Received 200 :: [4/5 calls remaining]
[17:27:21] [DEBUG] Dispatching Event: message_create
[17:27:21] [DEBUG] Caching ingested rate limit data for: 3d2712a9e4fe17cc9d3fed4a8e672e5f
[17:27:21] [DEBUG] POST /webhooks/{application_id}/aW50ZXJhY3Rpb246MTE3NjQ2ODg0NDk0MDg5ODQyNjpiaW9LbWhMdFJDWUtIaVhrQUpOWUlQZlptSnlDYlBzZXR6RWVreW1DUjFNcWtBRlEwVnBrdDN3aWszYzdpSVVwc015S2xhYjhybW16b2xVOFN0SkFNaW0yTU9wdDE3a044MDVVeXhmMVNVVXJYdEFvMGZwZkY4MUZITkE0bkVoSA Received 200 :: [3/5 calls remaining]
[17:27:21] [DEBUG] Dispatching Event: command_completion
[17:27:21] [INFO] Command Called: play with event.ctx.args = ['https://www.youtube.com/playlist?list=PLL-LXY9dtjAYgBX0TiNDwAbgThsGBb8jD'] | event.ctx.kwargs = {'song': 'https://www.youtube.com/playlist?list=PLL-LXY9dtjAYgBX0TiNDwAbgThsGBb8jD'}
[17:27:21] [DEBUG] Dispatching Event: message_create
[17:27:21] [DEBUG] Caching ingested rate limit data for: 1d3c67957bcdccc6709861c232df8529
[17:27:21] [DEBUG] POST /channels/1176466591056142377/messages Received 200 :: [4/5 calls remaining]
[17:27:21] [DEBUG] Dispatching Event: message_create
[17:27:21] [DEBUG] Caching ingested rate limit data for: 1d3c67957bcdccc6709861c232df8529
[17:27:21] [DEBUG] POST /channels/1176466591056142377/messages Received 200 :: [3/5 calls remaining]
[17:27:22] [DEBUG] Detected ffmpeg version: 2023-09-29-git-40aa451154-full_build-www.gyan.dev
[17:27:22] [DEBUG] Now playing <YTDownloader: https://rr5---sn-8pxuuxa-8j5r.googlevideo.com/videoplayback?expire=1700584033&ei=AYZcZbflNfqv2roP1Y-KwAI&ip=116.100.185.240&id=o-AAXYMuVgs71J8UdnfhjTGDjwJfqcjc1nAmPsdpThENj5&itag=251&source=youtube&requiressl=yes&mh=Lx&mm=31%2C29&mn=sn-8pxuuxa-8j5r%2Csn-8pxuuxa-nboss&ms=au%2Crdu&mv=m&mvi=5&pl=21&gcr=vn&initcwndbps=2230000&spc=UWF9f6V-J49T4JzHdgoA-zHqdFvXWsA&vprv=1&svpuc=1&mime=audio%2Fwebm&gir=yes&clen=8167116&dur=438.501&lmt=1677863847296437&mt=1700562054&fvip=8&keepalive=yes&fexp=24007246&c=ANDROID&txp=4532434&sparams=expire%2Cei%2Cip%2Cid%2Citag%2Csource%2Crequiressl%2Cgcr%2Cspc%2Cvprv%2Csvpuc%2Cmime%2Cgir%2Cclen%2Cdur%2Clmt&sig=ANLwegAwRQIgH2sWGL5dROiq8Evki-o32kfr2KOJCNPQukBxCZtV5mkCIQDPvmruYX9F-JZQ2TwnVIQYjpioPr53KO1OTdsf1KF_Fw%3D%3D&lsparams=mh%2Cmm%2Cmn%2Cms%2Cmv%2Cmvi%2Cpl%2Cinitcwndbps&lsig=AM8Gb2swRAIgMOqCxvF4qwUwIncZHGGwhgwgIFRZwjeH3g5stP-xy5YCIFk257EeeTWlJZ22roAiXVvMEdas_CidkZEPNCdD798M>
[17:27:26] [DEBUG] Sending data to websocket: {"op": 3, "d": 0.7182888120024439}
[17:27:26] [DEBUG] ❤ Voice Connection is sending Heartbeat
[17:27:27] [DEBUG] ❤ Heartbeat acknowledged after 0.07823 seconds
[17:27:40] [DEBUG] Sending data to websocket: {"op": 3, "d": 0.264614626853102}
[17:27:40] [DEBUG] ❤ Voice Connection is sending Heartbeat
[17:27:40] [DEBUG] ❤ Heartbeat acknowledged after 0.07480 seconds
[17:27:47] [DEBUG] Sending data to websocket: {"op": 1, "d": 16}
[17:27:47] [DEBUG] Shard ID 0 | ❤ Gateway is sending a Heartbeat
[17:27:47] [DEBUG] Shard ID 0 | ❤ Received heartbeat acknowledgement from gateway
[17:27:54] [DEBUG] Sending data to websocket: {"op": 3, "d": 0.9373757242866062}
[17:27:54] [DEBUG] ❤ Voice Connection is sending Heartbeat
[17:27:54] [DEBUG] ❤ Heartbeat acknowledged after 0.07626 seconds
[17:28:08] [DEBUG] Sending data to websocket: {"op": 3, "d": 0.4671951774934858}
[17:28:08] [DEBUG] ❤ Voice Connection is sending Heartbeat
[17:28:08] [DEBUG] ❤ Heartbeat acknowledged after 0.07374 seconds
[17:28:21] [DEBUG] Sending data to websocket: {"op": 3, "d": 0.7891775131388028}
[17:28:21] [DEBUG] ❤ Voice Connection is sending Heartbeat
[17:28:22] [DEBUG] ❤ Heartbeat acknowledged after 0.07538 seconds
[17:28:28] [DEBUG] Sending data to websocket: {"op": 1, "d": 16}
[17:28:28] [DEBUG] Shard ID 0 | ❤ Gateway is sending a Heartbeat
[17:28:28] [DEBUG] Shard ID 0 | ❤ Received heartbeat acknowledgement from gateway
[17:28:35] [DEBUG] Sending data to websocket: {"op": 3, "d": 0.505742937627225}
[17:28:35] [DEBUG] ❤ Voice Connection is sending Heartbeat
[17:28:35] [DEBUG] ❤ Heartbeat acknowledged after 0.07600 seconds
[17:28:49] [DEBUG] Sending data to websocket: {"op": 3, "d": 0.1370316451245953}
[17:28:49] [DEBUG] ❤ Voice Connection is sending Heartbeat
[17:28:49] [DEBUG] ❤ Heartbeat acknowledged after 0.07420 seconds
[17:29:03] [DEBUG] Sending data to websocket: {"op": 3, "d": 0.3389256172485553}
[17:29:03] [DEBUG] ❤ Voice Connection is sending Heartbeat
[17:29:03] [DEBUG] ❤ Heartbeat acknowledged after 0.07486 seconds
[17:29:09] [DEBUG] Sending data to websocket: {"op": 1, "d": 16}
[17:29:09] [DEBUG] Shard ID 0 | ❤ Gateway is sending a Heartbeat
[17:29:09] [DEBUG] Shard ID 0 | ❤ Received heartbeat acknowledgement from gateway
[17:29:16] [DEBUG] Sending data to websocket: {"op": 3, "d": 0.3775204197326618}
[17:29:16] [DEBUG] ❤ Voice Connection is sending Heartbeat
[17:29:17] [DEBUG] ❤ Heartbeat acknowledged after 0.07806 seconds
[17:29:30] [DEBUG] Sending data to websocket: {"op": 3, "d": 0.7726539343427351}
[17:29:30] [DEBUG] ❤ Voice Connection is sending Heartbeat
[17:29:30] [DEBUG] ❤ Heartbeat acknowledged after 0.07395 seconds
[17:29:44] [DEBUG] Sending data to websocket: {"op": 3, "d": 0.6769589816903353}
[17:29:44] [DEBUG] ❤ Voice Connection is sending Heartbeat
[17:29:44] [DEBUG] ❤ Heartbeat acknowledged after 0.07455 seconds
[17:29:50] [DEBUG] Sending data to websocket: {"op": 1, "d": 16}
[17:29:50] [DEBUG] Shard ID 0 | ❤ Gateway is sending a Heartbeat
[17:29:51] [DEBUG] Shard ID 0 | ❤ Received heartbeat acknowledgement from gateway
[17:29:58] [DEBUG] Sending data to websocket: {"op": 3, "d": 0.3033024971181687}
[17:29:58] [DEBUG] ❤ Voice Connection is sending Heartbeat
[17:29:58] [DEBUG] ❤ Heartbeat acknowledged after 0.07412 seconds
[17:30:11] [DEBUG] Sending data to websocket: {"op": 3, "d": 0.28506050241336556}
[17:30:11] [DEBUG] ❤ Voice Connection is sending Heartbeat
[17:30:12] [DEBUG] ❤ Heartbeat acknowledged after 0.07381 seconds
[17:30:17] [DEBUG] 1174695146214928500::play should be called
[17:30:17] [DEBUG] Dispatching Event: message_create
[17:30:18] [DEBUG] Caching ingested rate limit data for: 432f6223265d156004ac81366c5a948f
[17:30:18] [DEBUG] POST /interactions/{interaction_id}/aW50ZXJhY3Rpb246MTE3NjQ2OTYyOTc3OTA1ODY4ODpmeFVXd1hvWE9mVHBBV3Y5ZU1TbGNMVjV6TEZpTWJsVURCUnQyWWE0bjlRaWUwdWFWbHFtWXRKV2huRkdSd05ZMm8yME5KT2tlWGlZWVI3ZTAySUNrMTJtV2FremthNzNwRGhsY1Nqb2pSb0JZbFcyaG9abWVXUFdpdWM5RGpwcQ/callback Received 204 :: [4/5 calls remaining]
[17:30:19] [DEBUG] Dispatching Event: command_error
[17:30:19] [DEBUG] Dispatching Event: command_completion
[17:30:19] [DEBUG] Dispatching Event: error
[17:30:19] [INFO] Command Called: play with event.ctx.args = ['https://www.youtube.com/playlist?list=PLL-Laihgs9oagfo89afqhfsdafXY9dtjAYgBX0TiNDwAbgThsGBb8jD'] | event.ctx.kwargs = {'song': 'https://www.youtube.com/playlist?list=PLL-Laihgs9oagfo89afqhfsdafXY9dtjAYgBX0TiNDwAbgThsGBb8jD'}
[17:30:19] [ERROR] Ignoring exception in cmd `/play`:
Traceback (most recent call last):
  File "C:\Users\huuti\AppData\Local\Programs\Python\Python311\Lib\site-packages\yt_dlp\YoutubeDL.py", line 1567, in wrapper
    return func(self, *args, **kwargs)
           ^^^^^^^^^^^^^^^^^^^^^^^^^^^
  File "C:\Users\huuti\AppData\Local\Programs\Python\Python311\Lib\site-packages\yt_dlp\YoutubeDL.py", line 1702, in __extract_info
    ie_result = ie.extract(url)
                ^^^^^^^^^^^^^^^
  File "C:\Users\huuti\AppData\Local\Programs\Python\Python311\Lib\site-packages\yt_dlp\extractor\common.py", line 715, in extract
    ie_result = self._real_extract(url)
                ^^^^^^^^^^^^^^^^^^^^^^^
  File "C:\Users\huuti\AppData\Local\Programs\Python\Python311\Lib\site-packages\yt_dlp\extractor\youtube.py", line 4615, in wrapper
    info_dict = func(self, url, smuggled_data)
                ^^^^^^^^^^^^^^^^^^^^^^^^^^^^^^
  File "C:\Users\huuti\AppData\Local\Programs\Python\Python311\Lib\site-packages\yt_dlp\extractor\youtube.py", line 6512, in _real_extract
    data, ytcfg = self._extract_data(url, display_id)
                  ^^^^^^^^^^^^^^^^^^^^^^^^^^^^^^^^^^^
  File "C:\Users\huuti\AppData\Local\Programs\Python\Python311\Lib\site-packages\yt_dlp\extractor\youtube.py", line 5322, in _extract_data
    raise ExtractorError(msg, expected=True)
yt_dlp.utils.ExtractorError: [youtube:tab] PLL-Laihgs9oagfo89afqhfsdafXY9dtjAYgBX0TiNDwAbgThsGBb8jD: The channel/playlist does not exist and the URL redirected to youtube.com home page

During handling of the above exception, another exception occurred:

Traceback (most recent call last):
  File "C:\Users\huuti\AppData\Local\Programs\Python\Python311\Lib\site-packages\interactions\client\client.py", line 1900, in __dispatch_interaction
    response = await callback
               ^^^^^^^^^^^^^^
  File "C:\Users\huuti\AppData\Local\Programs\Python\Python311\Lib\site-packages\interactions\client\client.py", line 1771, in _run_slash_command
    return await command(ctx, **ctx.kwargs)
           ^^^^^^^^^^^^^^^^^^^^^^^^^^^^^^^^
  File "C:\Users\huuti\AppData\Local\Programs\Python\Python311\Lib\site-packages\interactions\models\internal\command.py", line 132, in __call__
    await self.call_callback(self.callback, context)
  File "C:\Users\huuti\AppData\Local\Programs\Python\Python311\Lib\site-packages\interactions\models\internal\application_commands.py", line 833, in call_callback
    return await self.call_with_binding(callback, ctx, *new_args, **new_kwargs)
           ^^^^^^^^^^^^^^^^^^^^^^^^^^^^^^^^^^^^^^^^^^^^^^^^^^^^^^^^^^^^^^^^^^^^
  File "C:\Users\huuti\AppData\Local\Programs\Python\Python311\Lib\site-packages\interactions\models\internal\callback.py", line 43, in call_with_binding
    return await callback(*args, **kwargs)
           ^^^^^^^^^^^^^^^^^^^^^^^^^^^^^^^
  File "D:\Project\Python\qpneruy-Git\music\play.py", line 205, in play
    data = await asyncio.to_thread(
           ^^^^^^^^^^^^^^^^^^^^^^^^
  File "C:\Users\huuti\AppData\Local\Programs\Python\Python311\Lib\asyncio\threads.py", line 25, in to_thread
    return await loop.run_in_executor(None, func_call)
           ^^^^^^^^^^^^^^^^^^^^^^^^^^^^^^^^^^^^^^^^^^^
  File "C:\Users\huuti\AppData\Local\Programs\Python\Python311\Lib\concurrent\futures\thread.py", line 58, in run
    result = self.fn(*self.args, **self.kwargs)
             ^^^^^^^^^^^^^^^^^^^^^^^^^^^^^^^^^^
  File "D:\Project\Python\qpneruy-Git\music\play.py", line 206, in <lambda>
    lambda: cfg_playlist.extract_info(song, download=False)
            ^^^^^^^^^^^^^^^^^^^^^^^^^^^^^^^^^^^^^^^^^^^^^^^
  File "C:\Users\huuti\AppData\Local\Programs\Python\Python311\Lib\site-packages\yt_dlp\YoutubeDL.py", line 1556, in extract_info
    return self.__extract_info(url, self.get_info_extractor(key), download, extra_info, process)
           ^^^^^^^^^^^^^^^^^^^^^^^^^^^^^^^^^^^^^^^^^^^^^^^^^^^^^^^^^^^^^^^^^^^^^^^^^^^^^^^^^^^^^
  File "C:\Users\huuti\AppData\Local\Programs\Python\Python311\Lib\site-packages\yt_dlp\YoutubeDL.py", line 1585, in wrapper
    self.report_error(str(e), e.format_traceback())
  File "C:\Users\huuti\AppData\Local\Programs\Python\Python311\Lib\site-packages\yt_dlp\YoutubeDL.py", line 1045, in report_error
    self.trouble(f'{self._format_err("ERROR:", self.Styles.ERROR)} {message}', *args, **kwargs)
  File "C:\Users\huuti\AppData\Local\Programs\Python\Python311\Lib\site-packages\yt_dlp\YoutubeDL.py", line 984, in trouble
    raise DownloadError(message, exc_info)
yt_dlp.utils.DownloadError: ERROR: [youtube:tab] PLL-Laihgs9oagfo89afqhfsdafXY9dtjAYgBX0TiNDwAbgThsGBb8jD: The channel/playlist does not exist and the URL redirected to youtube.com home page

[17:30:25] [DEBUG] Sending data to websocket: {"op": 3, "d": 0.9902963461047772}
[17:30:25] [DEBUG] ❤ Voice Connection is sending Heartbeat
[17:30:25] [DEBUG] ❤ Heartbeat acknowledged after 0.07454 seconds
[17:30:32] [DEBUG] Sending data to websocket: {"op": 1, "d": 18}
[17:30:32] [DEBUG] Shard ID 0 | ❤ Gateway is sending a Heartbeat
[17:30:32] [DEBUG] Shard ID 0 | ❤ Received heartbeat acknowledgement from gateway
[17:30:39] [DEBUG] Sending data to websocket: {"op": 3, "d": 0.23913700457585307}
[17:30:39] [DEBUG] ❤ Voice Connection is sending Heartbeat
[17:30:39] [DEBUG] ❤ Heartbeat acknowledged after 0.07893 seconds
[17:30:53] [DEBUG] Sending data to websocket: {"op": 3, "d": 0.9982503688289852}
[17:30:53] [DEBUG] ❤ Voice Connection is sending Heartbeat
[17:30:53] [DEBUG] ❤ Heartbeat acknowledged after 0.07544 seconds
[17:31:07] [DEBUG] Sending data to websocket: {"op": 3, "d": 0.959343768117067}
[17:31:07] [DEBUG] ❤ Voice Connection is sending Heartbeat
[17:31:07] [DEBUG] ❤ Heartbeat acknowledged after 0.07419 seconds
[17:31:13] [DEBUG] Sending data to websocket: {"op": 1, "d": 18}
[17:31:13] [DEBUG] Shard ID 0 | ❤ Gateway is sending a Heartbeat
[17:31:13] [DEBUG] Shard ID 0 | ❤ Received heartbeat acknowledgement from gateway
[17:31:20] [DEBUG] Sending data to websocket: {"op": 3, "d": 0.8057347208052351}
[17:31:20] [DEBUG] ❤ Voice Connection is sending Heartbeat
[17:31:20] [DEBUG] ❤ Heartbeat acknowledged after 0.07365 seconds
[17:31:34] [DEBUG] Sending data to websocket: {"op": 3, "d": 0.26815509588160114}
[17:31:34] [DEBUG] ❤ Voice Connection is sending Heartbeat
[17:31:34] [DEBUG] ❤ Heartbeat acknowledged after 0.07430 seconds
[17:31:48] [DEBUG] Sending data to websocket: {"op": 3, "d": 0.3934769829710759}
[17:31:48] [DEBUG] ❤ Voice Connection is sending Heartbeat
[17:31:48] [DEBUG] ❤ Heartbeat acknowledged after 0.08107 seconds
[17:31:54] [DEBUG] Sending data to websocket: {"op": 1, "d": 18}
[17:31:54] [DEBUG] Shard ID 0 | ❤ Gateway is sending a Heartbeat
[17:31:54] [DEBUG] Shard ID 0 | ❤ Received heartbeat acknowledgement from gateway
[17:32:02] [DEBUG] Sending data to websocket: {"op": 3, "d": 0.8749998233343909}
[17:32:02] [DEBUG] ❤ Voice Connection is sending Heartbeat
[17:32:02] [DEBUG] ❤ Heartbeat acknowledged after 0.07615 seconds
[17:32:15] [DEBUG] Sending data to websocket: {"op": 3, "d": 0.42631859747156253}
[17:32:15] [DEBUG] ❤ Voice Connection is sending Heartbeat
[17:32:15] [DEBUG] ❤ Heartbeat acknowledged after 0.07534 seconds
[17:32:29] [DEBUG] Sending data to websocket: {"op": 3, "d": 0.5180377923063233}
[17:32:29] [DEBUG] ❤ Voice Connection is sending Heartbeat
[17:32:29] [DEBUG] ❤ Heartbeat acknowledged after 0.08226 seconds
[17:32:35] [DEBUG] Sending data to websocket: {"op": 1, "d": 18}
[17:32:35] [DEBUG] Shard ID 0 | ❤ Gateway is sending a Heartbeat
[17:32:36] [DEBUG] Shard ID 0 | ❤ Received heartbeat acknowledgement from gateway
[17:32:43] [DEBUG] Sending data to websocket: {"op": 3, "d": 0.45832320757759837}
[17:32:43] [DEBUG] ❤ Voice Connection is sending Heartbeat
[17:32:43] [DEBUG] ❤ Heartbeat acknowledged after 0.07530 seconds
[17:32:57] [DEBUG] Sending data to websocket: {"op": 3, "d": 0.2030858169319275}
[17:32:57] [DEBUG] ❤ Voice Connection is sending Heartbeat
[17:32:57] [DEBUG] ❤ Heartbeat acknowledged after 0.07725 seconds
[17:33:10] [DEBUG] Sending data to websocket: {"op": 3, "d": 0.6547023962215702}
[17:33:10] [DEBUG] ❤ Voice Connection is sending Heartbeat
[17:33:10] [DEBUG] ❤ Heartbeat acknowledged after 0.07447 seconds
[17:33:17] [DEBUG] Sending data to websocket: {"op": 1, "d": 18}
[17:33:17] [DEBUG] Shard ID 0 | ❤ Gateway is sending a Heartbeat
[17:33:17] [DEBUG] Shard ID 0 | ❤ Received heartbeat acknowledgement from gateway
[17:33:24] [DEBUG] Sending data to websocket: {"op": 3, "d": 0.5847584513077204}
[17:33:24] [DEBUG] ❤ Voice Connection is sending Heartbeat
[17:33:24] [DEBUG] ❤ Heartbeat acknowledged after 0.07416 seconds
[17:33:38] [DEBUG] Sending data to websocket: {"op": 3, "d": 0.33029830779456815}
[17:33:38] [DEBUG] ❤ Voice Connection is sending Heartbeat
[17:33:38] [DEBUG] ❤ Heartbeat acknowledged after 0.07790 seconds
[17:33:52] [DEBUG] Sending data to websocket: {"op": 3, "d": 0.08958254912857366}
[17:33:52] [DEBUG] ❤ Voice Connection is sending Heartbeat
[17:33:52] [DEBUG] ❤ Heartbeat acknowledged after 0.07385 seconds
[17:33:58] [DEBUG] Sending data to websocket: {"op": 1, "d": 18}
[17:33:58] [DEBUG] Shard ID 0 | ❤ Gateway is sending a Heartbeat
[17:33:58] [DEBUG] Shard ID 0 | ❤ Received heartbeat acknowledgement from gateway
[17:34:05] [DEBUG] Sending data to websocket: {"op": 3, "d": 0.36310092872614497}
[17:34:05] [DEBUG] ❤ Voice Connection is sending Heartbeat
[17:34:05] [DEBUG] ❤ Heartbeat acknowledged after 0.07612 seconds
[17:34:19] [DEBUG] Sending data to websocket: {"op": 3, "d": 0.3404807694785297}
[17:34:19] [DEBUG] ❤ Voice Connection is sending Heartbeat
[17:34:19] [DEBUG] ❤ Heartbeat acknowledged after 0.07473 seconds
[17:34:33] [DEBUG] Sending data to websocket: {"op": 3, "d": 0.8498946232840688}
[17:34:33] [DEBUG] ❤ Voice Connection is sending Heartbeat
[17:34:33] [DEBUG] ❤ Heartbeat acknowledged after 0.08050 seconds
[17:34:39] [DEBUG] Sending data to websocket: {"op": 1, "d": 18}
[17:34:39] [DEBUG] Shard ID 0 | ❤ Gateway is sending a Heartbeat
[17:34:39] [DEBUG] Shard ID 0 | ❤ Received heartbeat acknowledgement from gateway
[17:34:41] [DEBUG] Dispatching Event: message_create
[17:34:41] [DEBUG] Caching ingested rate limit data for: 1d3c67957bcdccc6709861c232df8529
[17:34:41] [DEBUG] POST /channels/1176466591056142377/messages Received 200 :: [4/5 calls remaining]
[17:34:41] [DEBUG] Dispatching Event: message_create
[17:34:41] [DEBUG] Caching ingested rate limit data for: 1d3c67957bcdccc6709861c232df8529
[17:34:41] [DEBUG] POST /channels/1176466591056142377/messages Received 200 :: [3/5 calls remaining]
[17:34:41] [DEBUG] Detected ffmpeg version: 2023-09-29-git-40aa451154-full_build-www.gyan.dev
[17:34:41] [DEBUG] Now playing <YTDownloader: https://rr1---sn-8pxuuxa-8j5r.googlevideo.com/videoplayback?expire=1700584034&ei=AoZcZeS-NLiF2roPx7-g0AI&ip=116.100.185.240&id=o-AMUpwL2ygrgdgheKBrY1tsqgLHHhvwNyFFKBEdS_zTKC&itag=251&source=youtube&requiressl=yes&mh=Pg&mm=31%2C29&mn=sn-8pxuuxa-8j5r%2Csn-8pxuuxa-nboed&ms=au%2Crdu&mv=m&mvi=1&pcm2cms=yes&pl=21&initcwndbps=2230000&spc=UWF9f0yobU98aMoGLxUKgBcsu-pXpXI&vprv=1&svpuc=1&mime=audio%2Fwebm&gir=yes&clen=732830&dur=45.101&lmt=1698636146917437&mt=1700562054&fvip=5&keepalive=yes&fexp=24007246&c=ANDROID&txp=6218224&sparams=expire%2Cei%2Cip%2Cid%2Citag%2Csource%2Crequiressl%2Cspc%2Cvprv%2Csvpuc%2Cmime%2Cgir%2Cclen%2Cdur%2Clmt&sig=ANLwegAwRQIhAKHUMgBRyzLLhrbmUGIPa31-pXXj7tmQxTh-LoNrJfbnAiA5rjoV5zsN4vl15OzxXGyheUGJZXbeEBsKdKbl3YLC_Q%3D%3D&lsparams=mh%2Cmm%2Cmn%2Cms%2Cmv%2Cmvi%2Cpcm2cms%2Cpl%2Cinitcwndbps&lsig=AM8Gb2swRAIgPu843BqJR_rURIJVbjqGHvMGyVQpSKhycj5E-gEgTTUCIBeLaimC1CaXtxw1v1o6RLY1X3Z_s02d6-BKf67Yjdey>
[17:34:47] [DEBUG] Sending data to websocket: {"op": 3, "d": 0.4042782352959621}
[17:34:47] [DEBUG] ❤ Voice Connection is sending Heartbeat
[17:34:47] [DEBUG] ❤ Heartbeat acknowledged after 0.07930 seconds
[17:35:00] [DEBUG] Sending data to websocket: {"op": 3, "d": 0.9297700257957024}
[17:35:00] [DEBUG] ❤ Voice Connection is sending Heartbeat
[17:35:00] [DEBUG] ❤ Heartbeat acknowledged after 0.07507 seconds
[17:35:14] [DEBUG] Sending data to websocket: {"op": 3, "d": 0.8529586568890868}
[17:35:14] [DEBUG] ❤ Voice Connection is sending Heartbeat
[17:35:14] [DEBUG] ❤ Heartbeat acknowledged after 0.07443 seconds
[17:35:21] [DEBUG] Sending data to websocket: {"op": 1, "d": 21}
[17:35:21] [DEBUG] Shard ID 0 | ❤ Gateway is sending a Heartbeat
[17:35:21] [DEBUG] Shard ID 0 | ❤ Received heartbeat acknowledgement from gateway
[17:35:27] [DEBUG] Dispatching Event: message_create
[17:35:27] [DEBUG] Caching ingested rate limit data for: 1d3c67957bcdccc6709861c232df8529
[17:35:27] [DEBUG] POST /channels/1176466591056142377/messages Received 200 :: [4/5 calls remaining]
[17:35:27] [DEBUG] Dispatching Event: message_create
[17:35:27] [DEBUG] Caching ingested rate limit data for: 1d3c67957bcdccc6709861c232df8529
[17:35:27] [DEBUG] POST /channels/1176466591056142377/messages Received 200 :: [3/5 calls remaining]
[17:35:27] [DEBUG] Detected ffmpeg version: 2023-09-29-git-40aa451154-full_build-www.gyan.dev
[17:35:27] [DEBUG] Now playing <YTDownloader: https://rr6---sn-8pxuuxa-8j5r.googlevideo.com/videoplayback?expire=1700584035&ei=A4ZcZYXnKpiB2roPo4aBmAQ&ip=116.100.185.240&id=o-AOk4pCYaj6t00GWhs2vb1wUVMIfkgQHVe5dW2vq11MCK&itag=251&source=youtube&requiressl=yes&mh=Vt&mm=31%2C29&mn=sn-8pxuuxa-8j5r%2Csn-8pxuuxa-nbo6l&ms=au%2Crdu&mv=m&mvi=6&pcm2cms=yes&pl=21&initcwndbps=2230000&spc=UWF9fxTW6K9FKoCgI15tSzd2Zo2vzWI&vprv=1&svpuc=1&mime=audio%2Fwebm&gir=yes&clen=3760225&dur=227.101&lmt=1577793305970693&mt=1700562054&fvip=7&keepalive=yes&fexp=24007246&c=ANDROID&txp=5431432&sparams=expire%2Cei%2Cip%2Cid%2Citag%2Csource%2Crequiressl%2Cspc%2Cvprv%2Csvpuc%2Cmime%2Cgir%2Cclen%2Cdur%2Clmt&sig=ANLwegAwRAIgZ8la7U8naniEQ_mKDKGgT-9g0gU_t0yisyh4mf7JNyICIAEp3zYFuGRG7obhcquUduTqMCrZVbKc8qFBakXxh3uw&lsparams=mh%2Cmm%2Cmn%2Cms%2Cmv%2Cmvi%2Cpcm2cms%2Cpl%2Cinitcwndbps&lsig=AM8Gb2swRQIhAMtqRoNaF70s-wOwAK0C9lHpoWq2ItAB7F3iSfL80ROQAiAvdmRWjjyh6NKYhjpAyRdZ1yFAGw95yFaVOa8Z_LB1RQ%3D%3D>
[17:35:28] [DEBUG] Sending data to websocket: {"op": 3, "d": 0.7211459271505083}
[17:35:28] [DEBUG] ❤ Voice Connection is sending Heartbeat
[17:35:28] [DEBUG] ❤ Heartbeat acknowledged after 0.07559 seconds
[17:35:36] [DEBUG] Dispatching Event: disconnect
[17:35:36] [DEBUG] Stopping the bot.
[17:35:36] [INFO] Shard ID 0 | Stopping Shard
