[18:57:01] [DEBUG] Running client sanity checks...
[18:57:01] [DEBUG] Running client sanity checks...
[18:57:02] [DEBUG] No setup function found in play
[18:57:02] [DEBUG] Found extension class Music in play: Attempting to load
[18:57:02] [DEBUG] Added callback: Music._menu
[18:57:02] [DEBUG] Added callback: Music._pause
[18:57:02] [DEBUG] Added callback: Music._resume
[18:57:02] [DEBUG] Added callback: Music._skip
[18:57:02] [DEBUG] Added callback: Music._stop
[18:57:02] [DEBUG] Added callback: Music.play
[18:57:02] [DEBUG] Loaded Extension: play
[18:57:02] [DEBUG] No setup function found in play
[18:57:02] [DEBUG] Found extension class Music in play: Attempting to load
[18:57:02] [DEBUG] Added callback: Music._menu
[18:57:02] [DEBUG] Added callback: Music._pause
[18:57:02] [DEBUG] Added callback: Music._resume
[18:57:02] [DEBUG] Added callback: Music._skip
[18:57:02] [DEBUG] Added callback: Music._stop
[18:57:02] [DEBUG] Added callback: Music.play
[18:57:02] [DEBUG] Loaded Extension: play
[18:57:03] [DEBUG] No setup function found in askbard
[18:57:03] [DEBUG] Found extension class Bard in askbard: Attempting to load
[18:57:03] [DEBUG] Added callback: Bard._askbard
[18:57:03] [DEBUG] Added callback: Bard._endbard
[18:57:03] [DEBUG] Added callback: Bard.set_bard_channel
[18:57:03] [DEBUG] Loaded Extension: askbard
[18:57:03] [DEBUG] No setup function found in noi_chu
[18:57:03] [DEBUG] Found extension class NoiChu in noi_chu: Attempting to load
[18:57:03] [DEBUG] Added callback: NoiChu._reset
[18:57:03] [DEBUG] Added callback: NoiChu._world_setup
[18:57:03] [DEBUG] Loaded Extension: noi_chu
[18:57:03] [DEBUG] No setup function found in db_refesh
[18:57:03] [DEBUG] Found extension class Database in db_refesh: Attempting to load
[18:57:03] [DEBUG] Loaded Extension: db_refesh
[18:57:03] [DEBUG] Added callback: __join
[18:57:03] [DEBUG] Added callback: __leave
[18:57:03] [DEBUG] Added callback: _about
[18:57:03] [DEBUG] Added callback: _help
[18:57:03] [DEBUG] Added callback: _refresh
[18:57:03] [DEBUG] Added callback: _setup
[18:57:03] [DEBUG] Added callback: _starup
[18:57:03] [DEBUG] 7 callbacks have been loaded from __main__.
[18:57:03] [DEBUG] Added callback: _disconnect
[18:57:03] [DEBUG] Added callback: _on_websocket_ready
[18:57:03] [DEBUG] Added callback: on_autocomplete_completion
[18:57:03] [DEBUG] Added callback: on_autocomplete_error
[18:57:03] [DEBUG] Added callback: on_command_completion
[18:57:03] [DEBUG] Added callback: on_command_error
[18:57:03] [DEBUG] Added callback: on_component_completion
[18:57:03] [DEBUG] Added callback: on_component_error
[18:57:03] [DEBUG] Added callback: on_error
[18:57:03] [DEBUG] Added callback: on_modal_completion
[18:57:03] [DEBUG] Added callback: on_modal_error
[18:57:03] [DEBUG] Added callback: on_resume
[18:57:03] [DEBUG] 12 callbacks have been loaded from Client.
[18:57:03] [DEBUG] Attempting to login
[18:57:03] [DEBUG] No setup function found in askbard
[18:57:03] [DEBUG] Found extension class Bard in askbard: Attempting to load
[18:57:03] [DEBUG] Added callback: Bard._askbard
[18:57:03] [DEBUG] Added callback: Bard._endbard
[18:57:03] [DEBUG] Added callback: Bard.set_bard_channel
[18:57:03] [DEBUG] Loaded Extension: askbard
[18:57:03] [DEBUG] No setup function found in noi_chu
[18:57:03] [DEBUG] Found extension class NoiChu in noi_chu: Attempting to load
[18:57:03] [DEBUG] Added callback: NoiChu._reset
[18:57:03] [DEBUG] Added callback: NoiChu._world_setup
[18:57:03] [DEBUG] Loaded Extension: noi_chu
[18:57:03] [DEBUG] No setup function found in db_refesh
[18:57:03] [DEBUG] Found extension class Database in db_refesh: Attempting to load
[18:57:03] [DEBUG] Loaded Extension: db_refesh
[18:57:03] [DEBUG] Added callback: __join
[18:57:03] [DEBUG] Added callback: __leave
[18:57:03] [DEBUG] Added callback: _about
[18:57:03] [DEBUG] Added callback: _help
[18:57:03] [DEBUG] Added callback: _refresh
[18:57:03] [DEBUG] Added callback: _setup
[18:57:03] [DEBUG] Added callback: _starup
[18:57:03] [DEBUG] 7 callbacks have been loaded from __main__.
[18:57:03] [DEBUG] Added callback: _disconnect
[18:57:03] [DEBUG] Added callback: _on_websocket_ready
[18:57:03] [DEBUG] Added callback: on_autocomplete_completion
[18:57:03] [DEBUG] Added callback: on_autocomplete_error
[18:57:03] [DEBUG] Added callback: on_command_completion
[18:57:03] [DEBUG] Added callback: on_command_error
[18:57:03] [DEBUG] Added callback: on_component_completion
[18:57:03] [DEBUG] Added callback: on_component_error
[18:57:03] [DEBUG] Added callback: on_error
[18:57:03] [DEBUG] Added callback: on_modal_completion
[18:57:03] [DEBUG] Added callback: on_modal_error
[18:57:03] [DEBUG] Added callback: on_resume
[18:57:03] [DEBUG] 12 callbacks have been loaded from Client.
[18:57:03] [DEBUG] Attempting to login
[18:57:03] [DEBUG] Caching ingested rate limit data for: 78bb8553d9352a5a2f89f9def401287a
[18:57:03] [DEBUG] GET /users/@me Has exhausted its ratelimit (1000)! Locking route for 0.001 seconds
[18:57:03] [DEBUG] GET /users/@me Received 200 :: [0/1000 calls remaining]
[18:57:03] [DEBUG] Caching ingested rate limit data for: 78bb8553d9352a5a2f89f9def401287a
[18:57:03] [DEBUG] GET /users/@me Has exhausted its ratelimit (1000)! Locking route for 0.001 seconds
[18:57:03] [DEBUG] GET /users/@me Received 200 :: [0/1000 calls remaining]
[18:57:04] [DEBUG] Caching ingested rate limit data for: d28a133af187e91d71d96a223467ce49
[18:57:04] [DEBUG] GET /oauth2/applications/@me Has exhausted its ratelimit (1000)! Locking route for 0.001 seconds
[18:57:04] [DEBUG] GET /oauth2/applications/@me Received 200 :: [0/1000 calls remaining]
[18:57:04] [DEBUG] Caching ingested rate limit data for: d28a133af187e91d71d96a223467ce49
[18:57:04] [DEBUG] GET /oauth2/applications/@me Has exhausted its ratelimit (1000)! Locking route for 0.001 seconds
[18:57:04] [DEBUG] GET /oauth2/applications/@me Received 200 :: [0/1000 calls remaining]
[18:57:04] [DEBUG] Caching ingested rate limit data for: 0a6d458104b103c7be293cc9b284d9ee
[18:57:04] [DEBUG] GET /gateway Received 200 :: [99/100 calls remaining]
[18:57:04] [INFO] Shard ID 0 | Starting Shard
[18:57:04] [INFO] Shard ID 0 | Shard is attempting to connect to gateway...
[18:57:04] [DEBUG] Caching ingested rate limit data for: 0a6d458104b103c7be293cc9b284d9ee
[18:57:04] [DEBUG] GET /gateway Received 200 :: [99/100 calls remaining]
[18:57:04] [INFO] Shard ID 0 | Starting Shard
[18:57:04] [INFO] Shard ID 0 | Shard is attempting to connect to gateway...
[18:57:04] [DEBUG] Shard ID 0 | Identification payload sent to gateway, requesting intents: 3407613
[18:57:04] [DEBUG] Shard ID 0 | Identification payload sent to gateway, requesting intents: 3407613
[18:57:05] [INFO] Shard ID 0 | Gateway connection established
[18:57:05] [DEBUG] Shard ID 0 | Session ID: 00c3078164d91048f7ffed462dd8d482 Trace: ['["gateway-prd-us-east1-c-pmv9",{"micros":126475,"calls":["id_created",{"micros":883,"calls":[]},"session_lookup_time",{"micros":1210,"calls":[]},"session_lookup_finished",{"micros":13,"calls":[]},"discord-sessions-prd-2-221",{"micros":124113,"calls":["start_session",{"micros":63721,"calls":["discord-api-f65587479-9r7hk",{"micros":52919,"calls":["get_user",{"micros":10167},"get_guilds",{"micros":6087},"send_scheduled_deletion_message",{"micros":11},"guild_join_requests",{"micros":3337},"authorized_ip_coro",{"micros":13}]}]},"starting_guild_connect",{"micros":72,"calls":[]},"presence_started",{"micros":16190,"calls":[]},"guilds_started",{"micros":234,"calls":[]},"guilds_connect",{"micros":3,"calls":[]},"presence_connect",{"micros":43865,"calls":[]},"connect_finished",{"micros":43872,"calls":[]},"build_ready",{"micros":21,"calls":[]},"clean_ready",{"micros":1,"calls":[]},"optimize_ready",{"micros":0,"calls":[]},"split_ready",{"micros":1,"calls":[]}]}]}]']
[18:57:05] [DEBUG] Dispatching Event: websocket_ready
[18:57:05] [DEBUG] Dispatching Event: guild_join
[18:57:05] [INFO] Shard ID 0 | Gateway connection established
[18:57:05] [DEBUG] Shard ID 0 | Session ID: a5d6bccc6ea0cfe5578fba9f681ecd24 Trace: ['["gateway-prd-us-east1-c-ffjl",{"micros":183628,"calls":["id_created",{"micros":961,"calls":[]},"session_lookup_time",{"micros":8206,"calls":[]},"session_lookup_finished",{"micros":18,"calls":[]},"discord-sessions-prd-2-215",{"micros":173912,"calls":["start_session",{"micros":84134,"calls":["discord-api-f65587479-wxf6w",{"micros":79689,"calls":["get_user",{"micros":7050},"get_guilds",{"micros":5718},"send_scheduled_deletion_message",{"micros":9},"guild_join_requests",{"micros":206},"authorized_ip_coro",{"micros":9}]}]},"starting_guild_connect",{"micros":60,"calls":[]},"presence_started",{"micros":41088,"calls":[]},"guilds_started",{"micros":174,"calls":[]},"guilds_connect",{"micros":2,"calls":[]},"presence_connect",{"micros":48418,"calls":[]},"connect_finished",{"micros":48425,"calls":[]},"build_ready",{"micros":27,"calls":[]},"clean_ready",{"micros":1,"calls":[]},"optimize_ready",{"micros":1,"calls":[]},"split_ready",{"micros":1,"calls":[]}]}]}]']
[18:57:05] [DEBUG] Dispatching Event: websocket_ready
[18:57:05] [DEBUG] Dispatching Event: guild_join
[18:57:05] [DEBUG] Dispatching Event: guild_join
[18:57:05] [DEBUG] Dispatching Event: guild_join
[18:57:05] [DEBUG] Dispatching Event: guild_join
[18:57:05] [DEBUG] Dispatching Event: guild_join
[18:57:05] [DEBUG] Dispatching Event: guild_join
[18:57:05] [DEBUG] Dispatching Event: guild_join
[18:57:05] [DEBUG] Dispatching Event: guild_join
[18:57:05] [DEBUG] Dispatching Event: guild_join
[18:57:05] [DEBUG] Caching ingested rate limit data for: dd84d9818020c27975c0d5ab4a794d44
[18:57:05] [DEBUG] GET /applications/{application_id}/commands Has exhausted its ratelimit (1000)! Locking route for 0.001 seconds
[18:57:05] [DEBUG] GET /applications/{application_id}/commands Received 200 :: [0/1000 calls remaining]
[18:57:05] [DEBUG] Waiting for bucket dd84d9818020c27975c0d5ab4a794d44 to unlock.
[18:57:05] [DEBUG] Caching ingested rate limit data for: dd84d9818020c27975c0d5ab4a794d44
[18:57:05] [DEBUG] GET /applications/{application_id}/commands Has exhausted its ratelimit (1000)! Locking route for 0.001 seconds
[18:57:05] [DEBUG] GET /applications/{application_id}/commands Received 200 :: [0/1000 calls remaining]
[18:57:05] [DEBUG] Waiting for bucket dd84d9818020c27975c0d5ab4a794d44 to unlock.
[18:57:05] [DEBUG] Caching ingested rate limit data for: dd84d9818020c27975c0d5ab4a794d44
[18:57:05] [DEBUG] GET /applications/{application_id}/commands Has exhausted its ratelimit (1000)! Locking route for 0.001 seconds
[18:57:05] [DEBUG] GET /applications/{application_id}/commands Received 200 :: [0/1000 calls remaining]
[18:57:05] [INFO] Overwriting 0 with 15 application commands
[18:57:05] [DEBUG] Caching ingested rate limit data for: dd84d9818020c27975c0d5ab4a794d44
[18:57:05] [DEBUG] GET /applications/{application_id}/commands Received 200 :: [999/1000 calls remaining]
[18:57:05] [INFO] Overwriting 0 with 15 application commands
[18:57:06] [DEBUG] Caching ingested rate limit data for: 3e32a240d3716487d7d8f6dae6c54f6b
[18:57:06] [DEBUG] PUT /applications/{app_id}/commands Received 200 :: [1/2 calls remaining]
[18:57:06] [DEBUG] Sync of 1 scopes took 1.2482246000145096 seconds
[18:57:06] [DEBUG] Dispatching Event: startup
[18:57:06] [DEBUG] Sending data to websocket: {"op": 3, "d": {"since": 1702036626358, "activities": [{"name": "l\u1ec7nh /help \u0111\u1ec3 gi\u00fap \u0111\u1ee1", "type": 0}], "status": "idle", "afk": false}}
[18:57:06] [DEBUG] Caching ingested rate limit data for: 3e32a240d3716487d7d8f6dae6c54f6b
[18:57:06] [DEBUG] PUT /applications/{app_id}/commands Has exhausted its ratelimit (2)! Locking route for 59.983 seconds
[18:57:06] [DEBUG] PUT /applications/{app_id}/commands Received 200 :: [0/2 calls remaining]
[18:57:06] [DEBUG] Sync of 1 scopes took 1.3137157000019215 seconds
[18:57:06] [DEBUG] Dispatching Event: startup
[18:57:06] [DEBUG] Sending data to websocket: {"op": 3, "d": {"since": 1702036626410, "activities": [{"name": "l\u1ec7nh /help \u0111\u1ec3 gi\u00fap \u0111\u1ee1", "type": 0}], "status": "idle", "afk": false}}
[18:57:06] [DEBUG] Sending heartbeat every 41.25 seconds
[18:57:06] [DEBUG] Sending data to websocket: {"op": 1, "d": 6}
[18:57:06] [DEBUG] Shard ID 0 | ❤ Gateway is sending a Heartbeat
[18:57:06] [DEBUG] Shard ID 0 | ❤ Received heartbeat acknowledgement from gateway
[18:57:09] [DEBUG] 1174695146214928500::play should be called
[18:57:09] [DEBUG] 1174695146214928500::play should be called
[18:57:09] [DEBUG] Caching ingested rate limit data for: 432f6223265d156004ac81366c5a948f
[18:57:09] [ERROR] POST::https://discord.com/api/v10/interactions/1182652080054353950/aW50ZXJhY3Rpb246MTE4MjY1MjA4MDA1NDM1Mzk1MDpXaFBxa1pkV3kyRWZ6S0YyaFI5dGVzYUJ5NklHWTFLMDFPZUtoZHRCSDB5cjlJWllrNzFHOUNnUXRYU2VoNXlTQkNjbmZSbHo5UURYRXBMVWRSTXEzNFhDQmNCYWkzNkNCWnIxSDVHZDA5Q2tDcGhiS3lSMjZmSVl2bVhSU3VPMQ/callback: 404
[18:57:09] [DEBUG] Dispatching Event: command_error
[18:57:09] [DEBUG] Dispatching Event: command_completion
[18:57:09] [DEBUG] Dispatching Event: error
[18:57:09] [INFO] Command Called: play with event.ctx.args = ['lk katy katy & vì yêu - lân nhã live at'] | event.ctx.kwargs = {'song': 'lk katy katy & vì yêu - lân nhã live at'}
[18:57:09] [ERROR] Ignoring exception in cmd `/play`: HTTPException: 404|Not Found || Unknown interaction
[18:57:09] [DEBUG] Dispatching Event: message_create
[18:57:09] [DEBUG] Caching ingested rate limit data for: 432f6223265d156004ac81366c5a948f
[18:57:09] [DEBUG] POST /interactions/{interaction_id}/aW50ZXJhY3Rpb246MTE4MjY1MjA4MDA1NDM1Mzk1MDpXaFBxa1pkV3kyRWZ6S0YyaFI5dGVzYUJ5NklHWTFLMDFPZUtoZHRCSDB5cjlJWllrNzFHOUNnUXRYU2VoNXlTQkNjbmZSbHo5UURYRXBMVWRSTXEzNFhDQmNCYWkzNkNCWnIxSDVHZDA5Q2tDcGhiS3lSMjZmSVl2bVhSU3VPMQ/callback Received 204 :: [4/5 calls remaining]
[18:57:10] [DEBUG] Caching ingested rate limit data for: 3d2712a9e4fe17cc9d3fed4a8e672e5f
[18:57:10] [DEBUG] PATCH /webhooks/{application_id}/aW50ZXJhY3Rpb246MTE4MjY1MjA4MDA1NDM1Mzk1MDpXaFBxa1pkV3kyRWZ6S0YyaFI5dGVzYUJ5NklHWTFLMDFPZUtoZHRCSDB5cjlJWllrNzFHOUNnUXRYU2VoNXlTQkNjbmZSbHo5UURYRXBMVWRSTXEzNFhDQmNCYWkzNkNCWnIxSDVHZDA5Q2tDcGhiS3lSMjZmSVl2bVhSU3VPMQ/messages/{message_id} Received 200 :: [4/5 calls remaining]
[18:57:10] [DEBUG] Dispatching Event: command_completion
[18:57:10] [INFO] Command Called: play with event.ctx.args = ['lk katy katy & vì yêu - lân nhã live at'] | event.ctx.kwargs = {'song': 'lk katy katy & vì yêu - lân nhã live at'}
[18:57:11] [DEBUG] Dispatching Event: voice_user_join
[18:57:11] [DEBUG] Dispatching Event: voice_user_join
[18:57:12] [DEBUG] Caching ingested rate limit data for: be56019ae011689ff5baf218062aacf5
[18:57:12] [DEBUG] POST /guilds/1176400128232402974/channels Received 201 :: [1997/2000 calls remaining]
[18:57:12] [DEBUG] Caching ingested rate limit data for: be56019ae011689ff5baf218062aacf5
[18:57:12] [DEBUG] POST /guilds/1176400128232402974/channels Received 201 :: [1996/2000 calls remaining]
[18:57:12] [DEBUG] Caching ingested rate limit data for: 6e836da6cef38ba2f3dfd8568a4e9631
[18:57:12] [DEBUG] PATCH /channels/1182652091601272882 Received 200 :: [9/10 calls remaining]
[18:57:12] [DEBUG] Caching ingested rate limit data for: 6e836da6cef38ba2f3dfd8568a4e9631
[18:57:12] [DEBUG] PATCH /channels/1182652091622240256 Received 200 :: [9/10 calls remaining]
[18:57:12] [DEBUG] Shard ID 0 | No processor for `raw_channel_topic_update`
[18:57:12] [DEBUG] Shard ID 0 | No processor for `raw_voice_channel_status_update`
[18:57:12] [DEBUG] Shard ID 0 | No processor for `raw_channel_topic_update`
[18:57:12] [DEBUG] Shard ID 0 | No processor for `raw_voice_channel_status_update`
[18:57:12] [DEBUG] Shard ID 0 | No processor for `raw_channel_topic_update`
[18:57:12] [DEBUG] Shard ID 0 | No processor for `raw_voice_channel_status_update`
[18:57:12] [DEBUG] Shard ID 0 | No processor for `raw_channel_topic_update`
[18:57:12] [DEBUG] Shard ID 0 | No processor for `raw_voice_channel_status_update`
[18:57:12] [DEBUG] Caching ingested rate limit data for: c7f060a5d9790cb6f53000110a7b7edf
[18:57:12] [DEBUG] PATCH /guilds/1176400128232402974/members/{user_id} Received 200 :: [9/10 calls remaining]
[18:57:12] [DEBUG] Caching ingested rate limit data for: c7f060a5d9790cb6f53000110a7b7edf
[18:57:12] [DEBUG] PATCH /guilds/1176400128232402974/members/{user_id} Received 200 :: [8/10 calls remaining]
[18:57:15] [DEBUG] 1174695146214928500::play should be called
[18:57:15] [DEBUG] 1174695146214928500::play should be called
[18:57:15] [DEBUG] Caching ingested rate limit data for: 432f6223265d156004ac81366c5a948f
[18:57:15] [ERROR] POST::https://discord.com/api/v10/interactions/1182652104662327346/aW50ZXJhY3Rpb246MTE4MjY1MjEwNDY2MjMyNzM0NjpkcVc5dHFmUHdkTEwxNWVjTWRGNWliSFBGSHl4cVVLOUptTHVsZHppQXZ4bnE2WWN1eWtFZlZJVVlzZTFkdldOcG5ZMkpCbXIxbFBSbUJGUEt6MFo0RjdHYzQ1cEk4cDZ5Z2EzNWM1QWsweDViazVreHhJR3dNamt4WVpMU3M0SA/callback: 404
[18:57:15] [DEBUG] Dispatching Event: command_error
[18:57:15] [DEBUG] Dispatching Event: command_completion
[18:57:15] [DEBUG] Dispatching Event: error
[18:57:15] [INFO] Command Called: play with event.ctx.args = ['lk katy katy & vì yêu - lân nhã live at'] | event.ctx.kwargs = {'song': 'lk katy katy & vì yêu - lân nhã live at'}
[18:57:15] [ERROR] Ignoring exception in cmd `/play`: HTTPException: 404|Not Found || Unknown interaction
[18:57:15] [DEBUG] Caching ingested rate limit data for: 432f6223265d156004ac81366c5a948f
[18:57:15] [DEBUG] POST /interactions/{interaction_id}/aW50ZXJhY3Rpb246MTE4MjY1MjEwNDY2MjMyNzM0NjpkcVc5dHFmUHdkTEwxNWVjTWRGNWliSFBGSHl4cVVLOUptTHVsZHppQXZ4bnE2WWN1eWtFZlZJVVlzZTFkdldOcG5ZMkpCbXIxbFBSbUJGUEt6MFo0RjdHYzQ1cEk4cDZ5Z2EzNWM1QWsweDViazVreHhJR3dNamt4WVpMU3M0SA/callback Received 204 :: [4/5 calls remaining]
[18:57:15] [DEBUG] Sending data to websocket: {"op": 4, "d": {"guild_id": 1176400128232402974, "channel_id": 1182652091622240256, "self_mute": false, "self_deaf": false}}
[18:57:15] [DEBUG] Waiting for voice connection data...
[18:57:15] [DEBUG] Dispatching Event: message_create
[18:57:15] [DEBUG] Dispatching Event: message_create
[18:57:15] [DEBUG] Dispatching Event: voice_user_join
[18:57:15] [DEBUG] Dispatching Event: voice_user_join
[18:57:16] [DEBUG] Attempting to initialise voice gateway...
[18:57:16] [DEBUG] Voice Connection has identified itself to Voice Gateway
[18:57:16] [DEBUG] Discord send VC Ready! Establishing a socket connection...
[18:57:16] [DEBUG] IP Discovery in progress...
[18:57:16] [DEBUG] Voice Initial Response Received: b'\x00\x02\x00F\x00\x00\x90\xf827.75.165.72\x00\x00\x00\x00\x00\x00\x00\x00\x00\x00\x00\x00\x00\x00\x00\x00\x00\x00\x00\x00\x00\x00\x00\x00\x00\x00\x00\x00\x00\x00\x00\x00\x00\x00\x00\x00\x00\x00\x00\x00\x00\x00\x00\x00\x00\x00\x00\x00\x00\x00\x00\x00\xe4<'
[18:57:16] [DEBUG] IP Discovered: 27.75.165.72 #58428
[18:57:16] [DEBUG] Sending data to websocket: {"op": 1, "d": {"protocol": "udp", "data": {"address": "27.75.165.72", "port": 58428, "mode": "xsalsa20_poly1305_lite"}}}
[18:57:16] [DEBUG] Starting UDP Keep Alive
[18:57:16] [DEBUG] Unhandled OPCODE: 18 = data = {'user_id': '610841389164396565', 'flags': 2}
[18:57:16] [DEBUG] Unhandled OPCODE: 20 = data = {'user_id': '610841389164396565', 'platform': 0}
[18:57:16] [INFO] Voice connection established; using xsalsa20_poly1305_lite
[18:57:18] [DEBUG] Sending heartbeat every 41.25 seconds
[18:57:18] [DEBUG] Sending data to websocket: {"op": 1, "d": 30}
[18:57:18] [DEBUG] Shard ID 0 | ❤ Gateway is sending a Heartbeat
[18:57:19] [DEBUG] Shard ID 0 | ❤ Received heartbeat acknowledgement from gateway
[18:57:22] [DEBUG] Sending heartbeat every 13.75 seconds
[18:57:22] [DEBUG] Sending data to websocket: {"op": 3, "d": 0.09684924881830337}
[18:57:22] [DEBUG] ❤ Voice Connection is sending Heartbeat
[18:57:22] [DEBUG] Caching ingested rate limit data for: 3d2712a9e4fe17cc9d3fed4a8e672e5f
[18:57:22] [DEBUG] PATCH /webhooks/{application_id}/aW50ZXJhY3Rpb246MTE4MjY1MjEwNDY2MjMyNzM0NjpkcVc5dHFmUHdkTEwxNWVjTWRGNWliSFBGSHl4cVVLOUptTHVsZHppQXZ4bnE2WWN1eWtFZlZJVVlzZTFkdldOcG5ZMkpCbXIxbFBSbUJGUEt6MFo0RjdHYzQ1cEk4cDZ5Z2EzNWM1QWsweDViazVreHhJR3dNamt4WVpMU3M0SA/messages/{message_id} Received 200 :: [4/5 calls remaining]
[18:57:22] [DEBUG] Dispatching Event: command_completion
[18:57:22] [INFO] Command Called: play with event.ctx.args = ['lk katy katy & vì yêu - lân nhã live at'] | event.ctx.kwargs = {'song': 'lk katy katy & vì yêu - lân nhã live at'}
[18:57:22] [DEBUG] ❤ Heartbeat acknowledged after 0.09491 seconds
[18:57:23] [DEBUG] Dispatching Event: message_create
[18:57:23] [DEBUG] Dispatching Event: message_create
[18:57:23] [DEBUG] Caching ingested rate limit data for: 3df15bae86f6647dd4dfcbd5c6949480
[18:57:23] [DEBUG] POST /channels/1182652091622240256/messages Received 200 :: [4/5 calls remaining]
[18:57:23] [DEBUG] Dispatching Event: message_create
[18:57:23] [DEBUG] Dispatching Event: message_create
[18:57:23] [DEBUG] Caching ingested rate limit data for: 3df15bae86f6647dd4dfcbd5c6949480
[18:57:23] [DEBUG] POST /channels/1182652091622240256/messages Received 200 :: [3/5 calls remaining]
[18:57:23] [DEBUG] Detected ffmpeg version: 2023-11-28-git-47e214245b-full_build-www.gyan.dev
[18:57:23] [DEBUG] Now playing <YTDownloader: https://rr2---sn-8pxuuxa-8j5ls.googlevideo.com/videoplayback?expire=1702058238&ei=ngRzZf7iN6GevcAP6byG0As&ip=27.75.165.72&id=o-AEnMjdtF_1lW1WDngN5AizGO68h6a1U44zk1NzXYMbpv&itag=251&source=youtube&requiressl=yes&xpc=EgVo2aDSNQ%3D%3D&mh=yA&mm=31%2C29&mn=sn-8pxuuxa-8j5ls%2Csn-8pxuuxa-nbosz&ms=au%2Crdu&mv=m&mvi=2&pl=22&initcwndbps=2113750&spc=UWF9fzHI_PP8-PVNDTub-0PGe11UEe4&vprv=1&svpuc=1&mime=audio%2Fwebm&gir=yes&clen=3301155&dur=202.501&lmt=1696100601567178&mt=1702036147&fvip=4&keepalive=yes&fexp=24007246&c=ANDROID&txp=5532434&sparams=expire%2Cei%2Cip%2Cid%2Citag%2Csource%2Crequiressl%2Cxpc%2Cspc%2Cvprv%2Csvpuc%2Cmime%2Cgir%2Cclen%2Cdur%2Clmt&sig=ANLwegAwRAIgUormMJSO9ZCSG5IkXtylwh-dJvKkQzqs4Uca6BG5Js0CIGD91CCI27dnQP0T_QuQ02LvX8ZMiF7aqpu6bjQgekuJ&lsparams=mh%2Cmm%2Cmn%2Cms%2Cmv%2Cmvi%2Cpl%2Cinitcwndbps&lsig=AM8Gb2swRAIgH05Upr-3SjSMX2RU6wQgBQKLsMh4m8Bdb2LkkQRIbYoCIEAMl95BJjkdoUAzMfq5OEigVZNqT337LxtfO9jiv0Dw>
[18:57:28] [DEBUG] Dispatching Event: component
[18:57:28] [DEBUG] Dispatching Event: component
[18:57:28] [DEBUG] Dispatching Event: message_create
[18:57:28] [DEBUG] Dispatching Event: message_create
[18:57:28] [DEBUG] Caching ingested rate limit data for: 432f6223265d156004ac81366c5a948f
[18:57:28] [ERROR] POST::https://discord.com/api/v10/interactions/1182652158345228368/aW50ZXJhY3Rpb246MTE4MjY1MjE1ODM0NTIyODM2ODplN3VDZVNuTWF3c1I3TmJzU2ZRdzh2UGNSTUNaY2dkb3NuMHcxMTMwdnA3Z20yeEQ2NzY3TEdaU3o3UW1lanB2Q3BFd2t6eGRyMEwwU1JFb0J5M01NbjZJeWVsa1FnRWtjTVZ6bUFiWWUxVDNVUGc5aTdQNWNVQlZiT3ppb205VQ/callback: 404
[18:57:28] [DEBUG] Dispatching Event: error
[18:57:28] [DEBUG] Caching ingested rate limit data for: 432f6223265d156004ac81366c5a948f
[18:57:28] [DEBUG] POST /interactions/{interaction_id}/aW50ZXJhY3Rpb246MTE4MjY1MjE1ODM0NTIyODM2ODplN3VDZVNuTWF3c1I3TmJzU2ZRdzh2UGNSTUNaY2dkb3NuMHcxMTMwdnA3Z20yeEQ2NzY3TEdaU3o3UW1lanB2Q3BFd2t6eGRyMEwwU1JFb0J5M01NbjZJeWVsa1FnRWtjTVZ6bUFiWWUxVDNVUGc5aTdQNWNVQlZiT3ppb205VQ/callback Received 204 :: [4/5 calls remaining]
[18:57:28] [ERROR] Ignoring exception in Component():
Traceback (most recent call last):
  File "D:\Project\Python\qpneruy-Git\music\play.py", line 213, in _volup
    await ctx.send('Đã Tăng âm lượng', ephemeral=True)
  File "C:\Users\huuti\AppData\Local\Programs\Python\Python311\Lib\site-packages\interactions\models\internal\context.py", line 531, in send
    return await super().send(
           ^^^^^^^^^^^^^^^^^^^
  File "C:\Users\huuti\AppData\Local\Programs\Python\Python311\Lib\site-packages\interactions\client\mixins\send.py", line 110, in send
    message_data = await self._send_http_request(message_payload, files=files or file)
                   ^^^^^^^^^^^^^^^^^^^^^^^^^^^^^^^^^^^^^^^^^^^^^^^^^^^^^^^^^^^^^^^^^^^
  File "C:\Users\huuti\AppData\Local\Programs\Python\Python311\Lib\site-packages\interactions\models\internal\context.py", line 453, in _send_http_request
    message_data = await self.client.http.post_initial_response(payload, self.id, self.token, files=files)
                   ^^^^^^^^^^^^^^^^^^^^^^^^^^^^^^^^^^^^^^^^^^^^^^^^^^^^^^^^^^^^^^^^^^^^^^^^^^^^^^^^^^^^^^^
  File "C:\Users\huuti\AppData\Local\Programs\Python\Python311\Lib\site-packages\interactions\api\http\http_requests\interactions.py", line 149, in post_initial_response
    return await self.request(
           ^^^^^^^^^^^^^^^^^^^
  File "C:\Users\huuti\AppData\Local\Programs\Python\Python311\Lib\site-packages\interactions\api\http\http_client.py", line 450, in request
    await self._raise_exception(response, route, result)
  File "C:\Users\huuti\AppData\Local\Programs\Python\Python311\Lib\site-packages\interactions\api\http\http_client.py", line 468, in _raise_exception
    raise NotFound(response, response_data=result, route=route)
interactions.client.errors.NotFound: HTTPException: 404|Not Found || Unknown interaction

During handling of the above exception, another exception occurred:

Traceback (most recent call last):
  File "C:\Users\huuti\AppData\Local\Programs\Python\Python311\Lib\site-packages\interactions\client\client.py", line 607, in _async_wrap
    await _coro(_event, *_args, **_kwargs)
  File "C:\Users\huuti\AppData\Local\Programs\Python\Python311\Lib\site-packages\interactions\models\internal\callback.py", line 31, in __call__
    return await self.callback(self._binding, *args, **kwargs)
           ^^^^^^^^^^^^^^^^^^^^^^^^^^^^^^^^^^^^^^^^^^^^^^^^^^^
  File "D:\Project\Python\qpneruy-Git\music\play.py", line 190, in on_component
    await self._volup(ctx)
  File "D:\Project\Python\qpneruy-Git\music\play.py", line 198, in _volup
    with pymysql.connect(host=self.db_host, user=self.db_user, password=self.db_pass,
  File "C:\Users\huuti\AppData\Local\Programs\Python\Python311\Lib\site-packages\pymysql\connections.py", line 365, in __exit__
    self.close()
  File "C:\Users\huuti\AppData\Local\Programs\Python\Python311\Lib\site-packages\pymysql\connections.py", line 409, in close
    raise err.Error("Already closed")
pymysql.err.Error: Already closed

[18:57:28] [DEBUG] Caching ingested rate limit data for: 3d2712a9e4fe17cc9d3fed4a8e672e5f
[18:57:28] [DEBUG] GET /webhooks/{application_id}/aW50ZXJhY3Rpb246MTE4MjY1MjE1ODM0NTIyODM2ODplN3VDZVNuTWF3c1I3TmJzU2ZRdzh2UGNSTUNaY2dkb3NuMHcxMTMwdnA3Z20yeEQ2NzY3TEdaU3o3UW1lanB2Q3BFd2t6eGRyMEwwU1JFb0J5M01NbjZJeWVsa1FnRWtjTVZ6bUFiWWUxVDNVUGc5aTdQNWNVQlZiT3ppb205VQ/messages/{message_id} Received 200 :: [4/5 calls remaining]
[18:57:28] [DEBUG] Dispatching Event: error
[18:57:28] [ERROR] Ignoring exception in Component():
Traceback (most recent call last):
  File "D:\Project\Python\qpneruy-Git\music\play.py", line 207, in _volup
    player.volume = curr
    ^^^^^^^^^^^^^
AttributeError: 'NoneType' object has no attribute 'volume'

During handling of the above exception, another exception occurred:

Traceback (most recent call last):
  File "C:\Users\huuti\AppData\Local\Programs\Python\Python311\Lib\site-packages\interactions\client\client.py", line 607, in _async_wrap
    await _coro(_event, *_args, **_kwargs)
  File "C:\Users\huuti\AppData\Local\Programs\Python\Python311\Lib\site-packages\interactions\models\internal\callback.py", line 31, in __call__
    return await self.callback(self._binding, *args, **kwargs)
           ^^^^^^^^^^^^^^^^^^^^^^^^^^^^^^^^^^^^^^^^^^^^^^^^^^^
  File "D:\Project\Python\qpneruy-Git\music\play.py", line 190, in on_component
    await self._volup(ctx)
  File "D:\Project\Python\qpneruy-Git\music\play.py", line 198, in _volup
    with pymysql.connect(host=self.db_host, user=self.db_user, password=self.db_pass,
  File "C:\Users\huuti\AppData\Local\Programs\Python\Python311\Lib\site-packages\pymysql\connections.py", line 365, in __exit__
    self.close()
  File "C:\Users\huuti\AppData\Local\Programs\Python\Python311\Lib\site-packages\pymysql\connections.py", line 409, in close
    raise err.Error("Already closed")
pymysql.err.Error: Already closed

[18:57:30] [DEBUG] Dispatching Event: component
[18:57:30] [DEBUG] Dispatching Event: component
[18:57:31] [DEBUG] Caching ingested rate limit data for: 432f6223265d156004ac81366c5a948f
[18:57:31] [ERROR] POST::https://discord.com/api/v10/interactions/1182652169908924426/aW50ZXJhY3Rpb246MTE4MjY1MjE2OTkwODkyNDQyNjpvQjhyMlhrUnRGWjJGeWlYN0hjb0xVR2gxZDdMUFBlclJ0QjJCREVqSHVpQ002cG5XYjI5Ylp2ellUb25QTzN5a0g0Y2R6N28xYldjZW9yRVdrOGo4YzhuVUZiSUVKMmRLUnNyYk1zbHB1djJFc1hrWWFYZGVZZ3g5Q05jZ0x6Sw/callback: 404
[18:57:31] [DEBUG] Dispatching Event: error
[18:57:31] [ERROR] Ignoring exception in Component():
Traceback (most recent call last):
  File "D:\Project\Python\qpneruy-Git\music\play.py", line 232, in _voldown
    await ctx.send('Đã Giảm âm lượng', ephemeral=True)
  File "C:\Users\huuti\AppData\Local\Programs\Python\Python311\Lib\site-packages\interactions\models\internal\context.py", line 531, in send
    return await super().send(
           ^^^^^^^^^^^^^^^^^^^
  File "C:\Users\huuti\AppData\Local\Programs\Python\Python311\Lib\site-packages\interactions\client\mixins\send.py", line 110, in send
    message_data = await self._send_http_request(message_payload, files=files or file)
                   ^^^^^^^^^^^^^^^^^^^^^^^^^^^^^^^^^^^^^^^^^^^^^^^^^^^^^^^^^^^^^^^^^^^
  File "C:\Users\huuti\AppData\Local\Programs\Python\Python311\Lib\site-packages\interactions\models\internal\context.py", line 453, in _send_http_request
    message_data = await self.client.http.post_initial_response(payload, self.id, self.token, files=files)
                   ^^^^^^^^^^^^^^^^^^^^^^^^^^^^^^^^^^^^^^^^^^^^^^^^^^^^^^^^^^^^^^^^^^^^^^^^^^^^^^^^^^^^^^^
  File "C:\Users\huuti\AppData\Local\Programs\Python\Python311\Lib\site-packages\interactions\api\http\http_requests\interactions.py", line 149, in post_initial_response
    return await self.request(
           ^^^^^^^^^^^^^^^^^^^
  File "C:\Users\huuti\AppData\Local\Programs\Python\Python311\Lib\site-packages\interactions\api\http\http_client.py", line 450, in request
    await self._raise_exception(response, route, result)
  File "C:\Users\huuti\AppData\Local\Programs\Python\Python311\Lib\site-packages\interactions\api\http\http_client.py", line 468, in _raise_exception
    raise NotFound(response, response_data=result, route=route)
interactions.client.errors.NotFound: HTTPException: 404|Not Found || Unknown interaction

During handling of the above exception, another exception occurred:

Traceback (most recent call last):
  File "C:\Users\huuti\AppData\Local\Programs\Python\Python311\Lib\site-packages\interactions\client\client.py", line 607, in _async_wrap
    await _coro(_event, *_args, **_kwargs)
  File "C:\Users\huuti\AppData\Local\Programs\Python\Python311\Lib\site-packages\interactions\models\internal\callback.py", line 31, in __call__
    return await self.callback(self._binding, *args, **kwargs)
           ^^^^^^^^^^^^^^^^^^^^^^^^^^^^^^^^^^^^^^^^^^^^^^^^^^^
  File "D:\Project\Python\qpneruy-Git\music\play.py", line 192, in on_component
    await self._voldown(ctx)
  File "D:\Project\Python\qpneruy-Git\music\play.py", line 217, in _voldown
    with pymysql.connect(host=self.db_host, user=self.db_user, password=self.db_pass,
  File "C:\Users\huuti\AppData\Local\Programs\Python\Python311\Lib\site-packages\pymysql\connections.py", line 365, in __exit__
    self.close()
  File "C:\Users\huuti\AppData\Local\Programs\Python\Python311\Lib\site-packages\pymysql\connections.py", line 409, in close
    raise err.Error("Already closed")
pymysql.err.Error: Already closed

[18:57:31] [DEBUG] Dispatching Event: message_create
[18:57:31] [DEBUG] Dispatching Event: message_create
[18:57:31] [DEBUG] Caching ingested rate limit data for: 432f6223265d156004ac81366c5a948f
[18:57:31] [DEBUG] POST /interactions/{interaction_id}/aW50ZXJhY3Rpb246MTE4MjY1MjE2OTkwODkyNDQyNjpvQjhyMlhrUnRGWjJGeWlYN0hjb0xVR2gxZDdMUFBlclJ0QjJCREVqSHVpQ002cG5XYjI5Ylp2ellUb25QTzN5a0g0Y2R6N28xYldjZW9yRVdrOGo4YzhuVUZiSUVKMmRLUnNyYk1zbHB1djJFc1hrWWFYZGVZZ3g5Q05jZ0x6Sw/callback Received 204 :: [4/5 calls remaining]
[18:57:31] [DEBUG] Caching ingested rate limit data for: 3d2712a9e4fe17cc9d3fed4a8e672e5f
[18:57:31] [DEBUG] GET /webhooks/{application_id}/aW50ZXJhY3Rpb246MTE4MjY1MjE2OTkwODkyNDQyNjpvQjhyMlhrUnRGWjJGeWlYN0hjb0xVR2gxZDdMUFBlclJ0QjJCREVqSHVpQ002cG5XYjI5Ylp2ellUb25QTzN5a0g0Y2R6N28xYldjZW9yRVdrOGo4YzhuVUZiSUVKMmRLUnNyYk1zbHB1djJFc1hrWWFYZGVZZ3g5Q05jZ0x6Sw/messages/{message_id} Received 200 :: [4/5 calls remaining]
[18:57:31] [DEBUG] Dispatching Event: error
[18:57:31] [ERROR] Ignoring exception in Component():
Traceback (most recent call last):
  File "D:\Project\Python\qpneruy-Git\music\play.py", line 226, in _voldown
    player.volume = curr
    ^^^^^^^^^^^^^
AttributeError: 'NoneType' object has no attribute 'volume'

During handling of the above exception, another exception occurred:

Traceback (most recent call last):
  File "C:\Users\huuti\AppData\Local\Programs\Python\Python311\Lib\site-packages\interactions\client\client.py", line 607, in _async_wrap
    await _coro(_event, *_args, **_kwargs)
  File "C:\Users\huuti\AppData\Local\Programs\Python\Python311\Lib\site-packages\interactions\models\internal\callback.py", line 31, in __call__
    return await self.callback(self._binding, *args, **kwargs)
           ^^^^^^^^^^^^^^^^^^^^^^^^^^^^^^^^^^^^^^^^^^^^^^^^^^^
  File "D:\Project\Python\qpneruy-Git\music\play.py", line 192, in on_component
    await self._voldown(ctx)
  File "D:\Project\Python\qpneruy-Git\music\play.py", line 217, in _voldown
    with pymysql.connect(host=self.db_host, user=self.db_user, password=self.db_pass,
  File "C:\Users\huuti\AppData\Local\Programs\Python\Python311\Lib\site-packages\pymysql\connections.py", line 365, in __exit__
    self.close()
  File "C:\Users\huuti\AppData\Local\Programs\Python\Python311\Lib\site-packages\pymysql\connections.py", line 409, in close
    raise err.Error("Already closed")
pymysql.err.Error: Already closed

[18:57:36] [DEBUG] Sending data to websocket: {"op": 3, "d": 0.2425042632444946}
[18:57:36] [DEBUG] ❤ Voice Connection is sending Heartbeat
[18:57:36] [DEBUG] ❤ Heartbeat acknowledged after 0.08511 seconds
[18:57:47] [DEBUG] Sending data to websocket: {"op": 1, "d": 36}
[18:57:47] [DEBUG] Shard ID 0 | ❤ Gateway is sending a Heartbeat
[18:57:47] [DEBUG] Shard ID 0 | ❤ Received heartbeat acknowledgement from gateway
[18:57:50] [DEBUG] Sending data to websocket: {"op": 3, "d": 0.20968299789865374}
[18:57:50] [DEBUG] ❤ Voice Connection is sending Heartbeat
[18:57:50] [DEBUG] ❤ Heartbeat acknowledged after 0.08591 seconds
[18:58:00] [DEBUG] Sending data to websocket: {"op": 1, "d": 37}
[18:58:00] [DEBUG] Shard ID 0 | ❤ Gateway is sending a Heartbeat
[18:58:00] [DEBUG] Shard ID 0 | ❤ Received heartbeat acknowledgement from gateway
[18:58:03] [DEBUG] Sending data to websocket: {"op": 3, "d": 0.45356153832681567}
[18:58:03] [DEBUG] ❤ Voice Connection is sending Heartbeat
[18:58:03] [DEBUG] ❤ Heartbeat acknowledged after 0.08570 seconds
[18:58:17] [DEBUG] Sending data to websocket: {"op": 3, "d": 0.8205353331957815}
[18:58:17] [DEBUG] ❤ Voice Connection is sending Heartbeat
[18:58:17] [DEBUG] ❤ Heartbeat acknowledged after 0.08546 seconds
[18:58:28] [DEBUG] Sending data to websocket: {"op": 1, "d": 36}
[18:58:28] [DEBUG] Shard ID 0 | ❤ Gateway is sending a Heartbeat
[18:58:29] [DEBUG] Shard ID 0 | ❤ Received heartbeat acknowledgement from gateway
[18:58:31] [DEBUG] Sending data to websocket: {"op": 3, "d": 0.949358269565748}
[18:58:31] [DEBUG] ❤ Voice Connection is sending Heartbeat
[18:58:31] [DEBUG] ❤ Heartbeat acknowledged after 0.08553 seconds
[18:58:41] [DEBUG] Sending data to websocket: {"op": 1, "d": 37}
[18:58:41] [DEBUG] Shard ID 0 | ❤ Gateway is sending a Heartbeat
[18:58:41] [DEBUG] Shard ID 0 | ❤ Received heartbeat acknowledgement from gateway
[18:58:45] [DEBUG] Sending data to websocket: {"op": 3, "d": 0.9134963436915223}
[18:58:45] [DEBUG] ❤ Voice Connection is sending Heartbeat
[18:58:45] [DEBUG] ❤ Heartbeat acknowledged after 0.08700 seconds
[18:58:58] [DEBUG] Sending data to websocket: {"op": 3, "d": 0.6389388743071557}
[18:58:58] [DEBUG] ❤ Voice Connection is sending Heartbeat
[18:58:59] [DEBUG] ❤ Heartbeat acknowledged after 0.08814 seconds
[18:59:10] [DEBUG] Sending data to websocket: {"op": 1, "d": 36}
[18:59:10] [DEBUG] Shard ID 0 | ❤ Gateway is sending a Heartbeat
[18:59:10] [DEBUG] Shard ID 0 | ❤ Received heartbeat acknowledgement from gateway
[18:59:12] [DEBUG] Sending data to websocket: {"op": 3, "d": 0.0005486522585286258}
[18:59:12] [DEBUG] ❤ Voice Connection is sending Heartbeat
[18:59:12] [DEBUG] ❤ Heartbeat acknowledged after 0.08761 seconds
[18:59:22] [DEBUG] Sending data to websocket: {"op": 1, "d": 37}
[18:59:22] [DEBUG] Shard ID 0 | ❤ Gateway is sending a Heartbeat
[18:59:22] [DEBUG] Shard ID 0 | ❤ Received heartbeat acknowledgement from gateway
[18:59:26] [DEBUG] Sending data to websocket: {"op": 3, "d": 0.11900821366308878}
[18:59:26] [DEBUG] ❤ Voice Connection is sending Heartbeat
[18:59:26] [DEBUG] ❤ Heartbeat acknowledged after 0.10005 seconds
[18:59:40] [DEBUG] Sending data to websocket: {"op": 3, "d": 0.7883560871262324}
[18:59:40] [DEBUG] ❤ Voice Connection is sending Heartbeat
[18:59:40] [DEBUG] ❤ Heartbeat acknowledged after 0.08717 seconds
[18:59:51] [DEBUG] Sending data to websocket: {"op": 1, "d": 36}
[18:59:51] [DEBUG] Shard ID 0 | ❤ Gateway is sending a Heartbeat
[18:59:51] [DEBUG] Shard ID 0 | ❤ Received heartbeat acknowledgement from gateway
[18:59:53] [DEBUG] Sending data to websocket: {"op": 3, "d": 0.7737873148664074}
[18:59:53] [DEBUG] ❤ Voice Connection is sending Heartbeat
[18:59:54] [DEBUG] ❤ Heartbeat acknowledged after 0.08867 seconds
[19:00:03] [DEBUG] Sending data to websocket: {"op": 1, "d": 37}
[19:00:03] [DEBUG] Shard ID 0 | ❤ Gateway is sending a Heartbeat
[19:00:04] [DEBUG] Shard ID 0 | ❤ Received heartbeat acknowledgement from gateway
[19:00:07] [DEBUG] Sending data to websocket: {"op": 3, "d": 0.9119050761471813}
[19:00:07] [DEBUG] ❤ Voice Connection is sending Heartbeat
[19:00:07] [DEBUG] ❤ Heartbeat acknowledged after 0.08590 seconds
[19:00:21] [DEBUG] Sending data to websocket: {"op": 3, "d": 0.014334683881131571}
[19:00:21] [DEBUG] ❤ Voice Connection is sending Heartbeat
[19:00:21] [DEBUG] ❤ Heartbeat acknowledged after 0.08508 seconds
[19:00:32] [DEBUG] Sending data to websocket: {"op": 1, "d": 36}
[19:00:32] [DEBUG] Shard ID 0 | ❤ Gateway is sending a Heartbeat
[19:00:33] [DEBUG] Shard ID 0 | ❤ Received heartbeat acknowledgement from gateway
[19:00:35] [DEBUG] Sending data to websocket: {"op": 3, "d": 0.2925643616755519}
[19:00:35] [DEBUG] ❤ Voice Connection is sending Heartbeat
[19:00:35] [DEBUG] ❤ Heartbeat acknowledged after 0.08657 seconds
[19:00:45] [DEBUG] Sending data to websocket: {"op": 1, "d": 37}
[19:00:45] [DEBUG] Shard ID 0 | ❤ Gateway is sending a Heartbeat
[19:00:45] [DEBUG] Shard ID 0 | ❤ Received heartbeat acknowledgement from gateway
[19:00:49] [DEBUG] Sending data to websocket: {"op": 3, "d": 0.3403960936152123}
[19:00:49] [DEBUG] ❤ Voice Connection is sending Heartbeat
[19:00:49] [DEBUG] ❤ Heartbeat acknowledged after 0.10031 seconds
[19:00:55] [DEBUG] Dispatching Event: disconnect
[19:00:55] [DEBUG] Stopping the bot.
[19:00:55] [INFO] Shard ID 0 | Stopping Shard
[19:00:55] [DEBUG] Dispatching Event: disconnect
[19:00:55] [DEBUG] Stopping the bot.
[19:00:55] [INFO] Shard ID 0 | Stopping Shard
